CRITICAL - 2023-03-12 16:46:28 --> Invalid file: "layout/template.php"
in SYSTEMPATH\Exceptions\FrameworkException.php on line 33.
 1 SYSTEMPATH\View\View.php(201): CodeIgniter\Exceptions\FrameworkException::forInvalidFile('layout/template.php')
 2 SYSTEMPATH\View\View.php(229): CodeIgniter\View\View->render('layout/template', [], true)
 3 SYSTEMPATH\Common.php(1184): CodeIgniter\View\View->render('pages/home', [], true)
 4 APPPATH\Controllers\Pages.php(15): view('pages/home', [...])
 5 SYSTEMPATH\CodeIgniter.php(934): App\Controllers\Pages->index()
 6 SYSTEMPATH\CodeIgniter.php(499): CodeIgniter\CodeIgniter->runController(Object(App\Controllers\Pages))
 7 SYSTEMPATH\CodeIgniter.php(368): CodeIgniter\CodeIgniter->handleRequest(null, Object(Config\Cache), false)
 8 FCPATH\index.php(67): CodeIgniter\CodeIgniter->run()
 9 SYSTEMPATH\Commands\Server\rewrite.php(47): require_once('FCPATH\\index.php')
CRITICAL - 2023-03-12 16:46:55 --> Invalid file: "user/layout/template.php"
in SYSTEMPATH\Exceptions\FrameworkException.php on line 33.
 1 SYSTEMPATH\View\View.php(201): CodeIgniter\Exceptions\FrameworkException::forInvalidFile('user/layout/template.php')
 2 SYSTEMPATH\View\View.php(229): CodeIgniter\View\View->render('user/layout/template', [], true)
 3 SYSTEMPATH\Common.php(1184): CodeIgniter\View\View->render('pages/home', [], true)
 4 APPPATH\Controllers\Pages.php(15): view('pages/home', [...])
 5 SYSTEMPATH\CodeIgniter.php(934): App\Controllers\Pages->index()
 6 SYSTEMPATH\CodeIgniter.php(499): CodeIgniter\CodeIgniter->runController(Object(App\Controllers\Pages))
 7 SYSTEMPATH\CodeIgniter.php(368): CodeIgniter\CodeIgniter->handleRequest(null, Object(Config\Cache), false)
 8 FCPATH\index.php(67): CodeIgniter\CodeIgniter->run()
 9 SYSTEMPATH\Commands\Server\rewrite.php(47): require_once('FCPATH\\index.php')
CRITICAL - 2023-03-12 16:47:21 --> Invalid file: "layout/navbar.php"
in SYSTEMPATH\Exceptions\FrameworkException.php on line 33.
 1 SYSTEMPATH\View\View.php(201): CodeIgniter\Exceptions\FrameworkException::forInvalidFile('layout/navbar.php')
 2 SYSTEMPATH\View\View.php(431): CodeIgniter\View\View->render('layout/navbar', null, true)
 3 APPPATH\Views\layout\user\template.php(71): CodeIgniter\View\View->include('layout/navbar')
 4 SYSTEMPATH\View\View.php(213): include('APPPATH\\Views\\layout\\user\\template.php')
 5 SYSTEMPATH\View\View.php(216): CodeIgniter\View\View->CodeIgniter\View\{closure}()
 6 SYSTEMPATH\View\View.php(229): CodeIgniter\View\View->render('layout/user/template', [], true)
 7 SYSTEMPATH\Common.php(1184): CodeIgniter\View\View->render('pages/home', [], true)
 8 APPPATH\Controllers\Pages.php(15): view('pages/home', [...])
 9 SYSTEMPATH\CodeIgniter.php(934): App\Controllers\Pages->index()
10 SYSTEMPATH\CodeIgniter.php(499): CodeIgniter\CodeIgniter->runController(Object(App\Controllers\Pages))
11 SYSTEMPATH\CodeIgniter.php(368): CodeIgniter\CodeIgniter->handleRequest(null, Object(Config\Cache), false)
12 FCPATH\index.php(67): CodeIgniter\CodeIgniter->run()
13 SYSTEMPATH\Commands\Server\rewrite.php(47): require_once('FCPATH\\index.php')
CRITICAL - 2023-03-12 16:47:41 --> Invalid file: "layout/navbar.php"
in SYSTEMPATH\Exceptions\FrameworkException.php on line 33.
 1 SYSTEMPATH\View\View.php(201): CodeIgniter\Exceptions\FrameworkException::forInvalidFile('layout/navbar.php')
 2 SYSTEMPATH\View\View.php(431): CodeIgniter\View\View->render('layout/navbar', null, true)
 3 APPPATH\Views\layout\user\template.php(71): CodeIgniter\View\View->include('layout/navbar')
 4 SYSTEMPATH\View\View.php(213): include('APPPATH\\Views\\layout\\user\\template.php')
 5 SYSTEMPATH\View\View.php(216): CodeIgniter\View\View->CodeIgniter\View\{closure}()
 6 SYSTEMPATH\View\View.php(229): CodeIgniter\View\View->render('layout/user/template', [], true)
 7 SYSTEMPATH\Common.php(1184): CodeIgniter\View\View->render('pages/home', [], true)
 8 APPPATH\Controllers\Pages.php(15): view('pages/home', [...])
 9 SYSTEMPATH\CodeIgniter.php(934): App\Controllers\Pages->index()
10 SYSTEMPATH\CodeIgniter.php(499): CodeIgniter\CodeIgniter->runController(Object(App\Controllers\Pages))
11 SYSTEMPATH\CodeIgniter.php(368): CodeIgniter\CodeIgniter->handleRequest(null, Object(Config\Cache), false)
12 FCPATH\index.php(67): CodeIgniter\CodeIgniter->run()
13 SYSTEMPATH\Commands\Server\rewrite.php(47): require_once('FCPATH\\index.php')
CRITICAL - 2023-03-12 16:57:38 --> Invalid file: "pages/home.php"
in SYSTEMPATH\Exceptions\FrameworkException.php on line 33.
 1 SYSTEMPATH\View\View.php(201): CodeIgniter\Exceptions\FrameworkException::forInvalidFile('pages/home.php')
 2 SYSTEMPATH\Common.php(1184): CodeIgniter\View\View->render('pages/home', [], true)
 3 APPPATH\Controllers\Pages.php(15): view('pages/home', [...])
 4 SYSTEMPATH\CodeIgniter.php(934): App\Controllers\Pages->index()
 5 SYSTEMPATH\CodeIgniter.php(499): CodeIgniter\CodeIgniter->runController(Object(App\Controllers\Pages))
 6 SYSTEMPATH\CodeIgniter.php(368): CodeIgniter\CodeIgniter->handleRequest(null, Object(Config\Cache), false)
 7 FCPATH\index.php(67): CodeIgniter\CodeIgniter->run()
 8 SYSTEMPATH\Commands\Server\rewrite.php(47): require_once('FCPATH\\index.php')
CRITICAL - 2023-03-12 16:58:47 --> Invalid file: "layout/user/template.php"
in SYSTEMPATH\Exceptions\FrameworkException.php on line 33.
 1 SYSTEMPATH\View\View.php(201): CodeIgniter\Exceptions\FrameworkException::forInvalidFile('layout/user/template.php')
 2 SYSTEMPATH\View\View.php(229): CodeIgniter\View\View->render('layout/user/template', [], true)
 3 SYSTEMPATH\Common.php(1184): CodeIgniter\View\View->render('users/pages/home', [], true)
 4 APPPATH\Controllers\Pages.php(15): view('users/pages/home', [...])
 5 SYSTEMPATH\CodeIgniter.php(934): App\Controllers\Pages->index()
 6 SYSTEMPATH\CodeIgniter.php(499): CodeIgniter\CodeIgniter->runController(Object(App\Controllers\Pages))
 7 SYSTEMPATH\CodeIgniter.php(368): CodeIgniter\CodeIgniter->handleRequest(null, Object(Config\Cache), false)
 8 FCPATH\index.php(67): CodeIgniter\CodeIgniter->run()
 9 SYSTEMPATH\Commands\Server\rewrite.php(47): require_once('FCPATH\\index.php')
CRITICAL - 2023-03-12 16:59:16 --> Invalid file: "layout/user/navbar.php"
in SYSTEMPATH\Exceptions\FrameworkException.php on line 33.
 1 SYSTEMPATH\View\View.php(201): CodeIgniter\Exceptions\FrameworkException::forInvalidFile('layout/user/navbar.php')
 2 SYSTEMPATH\View\View.php(431): CodeIgniter\View\View->render('layout/user/navbar', null, true)
 3 APPPATH\Views\users\layout\template.php(71): CodeIgniter\View\View->include('layout/user/navbar')
 4 SYSTEMPATH\View\View.php(213): include('APPPATH\\Views\\users\\layout\\template.php')
 5 SYSTEMPATH\View\View.php(216): CodeIgniter\View\View->CodeIgniter\View\{closure}()
 6 SYSTEMPATH\View\View.php(229): CodeIgniter\View\View->render('users/layout/template', [], true)
 7 SYSTEMPATH\Common.php(1184): CodeIgniter\View\View->render('users/pages/home', [], true)
 8 APPPATH\Controllers\Pages.php(15): view('users/pages/home', [...])
 9 SYSTEMPATH\CodeIgniter.php(934): App\Controllers\Pages->index()
10 SYSTEMPATH\CodeIgniter.php(499): CodeIgniter\CodeIgniter->runController(Object(App\Controllers\Pages))
11 SYSTEMPATH\CodeIgniter.php(368): CodeIgniter\CodeIgniter->handleRequest(null, Object(Config\Cache), false)
12 FCPATH\index.php(67): CodeIgniter\CodeIgniter->run()
13 SYSTEMPATH\Commands\Server\rewrite.php(47): require_once('FCPATH\\index.php')
CRITICAL - 2023-03-12 17:00:15 --> Invalid file: "layout/cover.php"
in SYSTEMPATH\Exceptions\FrameworkException.php on line 33.
 1 SYSTEMPATH\View\View.php(201): CodeIgniter\Exceptions\FrameworkException::forInvalidFile('layout/cover.php')
 2 SYSTEMPATH\View\View.php(431): CodeIgniter\View\View->render('layout/cover', null, true)
 3 APPPATH\Views\users\pages\partnership.php(5): CodeIgniter\View\View->include('layout/cover')
 4 SYSTEMPATH\View\View.php(213): include('APPPATH\\Views\\users\\pages\\partnership.php')
 5 SYSTEMPATH\View\View.php(216): CodeIgniter\View\View->CodeIgniter\View\{closure}()
 6 SYSTEMPATH\Common.php(1184): CodeIgniter\View\View->render('users/pages/partnership', [], true)
 7 APPPATH\Controllers\Pages.php(47): view('users/pages/partnership', [...])
 8 SYSTEMPATH\CodeIgniter.php(934): App\Controllers\Pages->partnership()
 9 SYSTEMPATH\CodeIgniter.php(499): CodeIgniter\CodeIgniter->runController(Object(App\Controllers\Pages))
10 SYSTEMPATH\CodeIgniter.php(368): CodeIgniter\CodeIgniter->handleRequest(null, Object(Config\Cache), false)
11 FCPATH\index.php(67): CodeIgniter\CodeIgniter->run()
12 SYSTEMPATH\Commands\Server\rewrite.php(47): require_once('FCPATH\\index.php')
CRITICAL - 2023-03-12 17:00:21 --> Invalid file: "layout/cover.php"
in SYSTEMPATH\Exceptions\FrameworkException.php on line 33.
 1 SYSTEMPATH\View\View.php(201): CodeIgniter\Exceptions\FrameworkException::forInvalidFile('layout/cover.php')
 2 SYSTEMPATH\View\View.php(431): CodeIgniter\View\View->render('layout/cover', null, true)
 3 APPPATH\Views\users\pages\branch.php(5): CodeIgniter\View\View->include('layout/cover')
 4 SYSTEMPATH\View\View.php(213): include('APPPATH\\Views\\users\\pages\\branch.php')
 5 SYSTEMPATH\View\View.php(216): CodeIgniter\View\View->CodeIgniter\View\{closure}()
 6 SYSTEMPATH\Common.php(1184): CodeIgniter\View\View->render('users/pages/branch', [], true)
 7 APPPATH\Controllers\Pages.php(31): view('users/pages/branch', [...])
 8 SYSTEMPATH\CodeIgniter.php(934): App\Controllers\Pages->branch()
 9 SYSTEMPATH\CodeIgniter.php(499): CodeIgniter\CodeIgniter->runController(Object(App\Controllers\Pages))
10 SYSTEMPATH\CodeIgniter.php(368): CodeIgniter\CodeIgniter->handleRequest(null, Object(Config\Cache), false)
11 FCPATH\index.php(67): CodeIgniter\CodeIgniter->run()
12 SYSTEMPATH\Commands\Server\rewrite.php(47): require_once('FCPATH\\index.php')
CRITICAL - 2023-03-12 17:08:23 --> The namespace delimiter is a backslash (\), not a slash (/). Route handler: "\App\Controllers\Admin/Pages::index"
in SYSTEMPATH\Router\Router.php on line 474.
 1 SYSTEMPATH\Router\Router.php(474): CodeIgniter\Router\Exceptions\RouterException::forInvalidControllerName('\\App\\Controllers\\Admin/Pages::index')
 2 SYSTEMPATH\Router\Router.php(182): CodeIgniter\Router\Router->checkRoutes('admin')
 3 SYSTEMPATH\CodeIgniter.php(815): CodeIgniter\Router\Router->handle('admin')
 4 SYSTEMPATH\CodeIgniter.php(449): CodeIgniter\CodeIgniter->tryToRouteIt(Object(CodeIgniter\Router\RouteCollection))
 5 SYSTEMPATH\CodeIgniter.php(368): CodeIgniter\CodeIgniter->handleRequest(null, Object(Config\Cache), false)
 6 FCPATH\index.php(67): CodeIgniter\CodeIgniter->run()
 7 SYSTEMPATH\Commands\Server\rewrite.php(47): require_once('FCPATH\\index.php')
CRITICAL - 2023-03-12 17:08:54 --> Invalid file: "admin/pages/home.php"
in SYSTEMPATH\Exceptions\FrameworkException.php on line 33.
 1 SYSTEMPATH\View\View.php(201): CodeIgniter\Exceptions\FrameworkException::forInvalidFile('admin/pages/home.php')
 2 SYSTEMPATH\Common.php(1184): CodeIgniter\View\View->render('admin/pages/home', [], true)
 3 APPPATH\Controllers\Admin\Pages.php(15): view('admin/pages/home', [...])
 4 SYSTEMPATH\CodeIgniter.php(934): App\Controllers\Admin\Pages->index()
 5 SYSTEMPATH\CodeIgniter.php(499): CodeIgniter\CodeIgniter->runController(Object(App\Controllers\Admin\Pages))
 6 SYSTEMPATH\CodeIgniter.php(368): CodeIgniter\CodeIgniter->handleRequest(null, Object(Config\Cache), false)
 7 FCPATH\index.php(67): CodeIgniter\CodeIgniter->run()
 8 SYSTEMPATH\Commands\Server\rewrite.php(47): require_once('FCPATH\\index.php')
CRITICAL - 2023-03-12 17:10:06 --> Invalid file: "layout/admin/navbar.php"
in SYSTEMPATH\Exceptions\FrameworkException.php on line 33.
 1 SYSTEMPATH\View\View.php(201): CodeIgniter\Exceptions\FrameworkException::forInvalidFile('layout/admin/navbar.php')
 2 SYSTEMPATH\View\View.php(431): CodeIgniter\View\View->render('layout/admin/navbar', null, true)
 3 APPPATH\Views\admin\layout\template.php(282): CodeIgniter\View\View->include('layout/admin/navbar')
 4 SYSTEMPATH\View\View.php(213): include('APPPATH\\Views\\admin\\layout\\template.php')
 5 SYSTEMPATH\View\View.php(216): CodeIgniter\View\View->CodeIgniter\View\{closure}()
 6 SYSTEMPATH\View\View.php(229): CodeIgniter\View\View->render('admin/layout/template', [], true)
 7 SYSTEMPATH\Common.php(1184): CodeIgniter\View\View->render('admin/pages/index', [], true)
 8 APPPATH\Controllers\Admin\Pages.php(15): view('admin/pages/index', [...])
 9 SYSTEMPATH\CodeIgniter.php(934): App\Controllers\Admin\Pages->index()
10 SYSTEMPATH\CodeIgniter.php(499): CodeIgniter\CodeIgniter->runController(Object(App\Controllers\Admin\Pages))
11 SYSTEMPATH\CodeIgniter.php(368): CodeIgniter\CodeIgniter->handleRequest(null, Object(Config\Cache), false)
12 FCPATH\index.php(67): CodeIgniter\CodeIgniter->run()
13 SYSTEMPATH\Commands\Server\rewrite.php(47): require_once('FCPATH\\index.php')
CRITICAL - 2023-03-12 19:43:05 --> Undefined variable $data_user
in APPPATH\Views\admin\pages\carousel.php on line 63.
 1 APPPATH\Views\admin\pages\carousel.php(63): CodeIgniter\Debug\Exceptions->errorHandler(2, 'Undefined variable $data_user', 'APPPATH\\Views\\admin\\pages\\carousel.php', 63)
 2 SYSTEMPATH\View\View.php(213): include('APPPATH\\Views\\admin\\pages\\carousel.php')
 3 SYSTEMPATH\View\View.php(216): CodeIgniter\View\View->CodeIgniter\View\{closure}()
 4 SYSTEMPATH\Common.php(1184): CodeIgniter\View\View->render('admin/pages/carousel', [], true)
 5 APPPATH\Controllers\Admin\Pages.php(34): view('admin/pages/carousel', [...])
 6 SYSTEMPATH\CodeIgniter.php(934): App\Controllers\Admin\Pages->carousel()
 7 SYSTEMPATH\CodeIgniter.php(499): CodeIgniter\CodeIgniter->runController(Object(App\Controllers\Admin\Pages))
 8 SYSTEMPATH\CodeIgniter.php(368): CodeIgniter\CodeIgniter->handleRequest(null, Object(Config\Cache), false)
 9 FCPATH\index.php(67): CodeIgniter\CodeIgniter->run()
10 SYSTEMPATH\Commands\Server\rewrite.php(47): require_once('FCPATH\\index.php')
CRITICAL - 2023-03-12 19:52:21 --> Undefined variable $dt
in APPPATH\Views\admin\pages\carousel.php on line 62.
 1 APPPATH\Views\admin\pages\carousel.php(62): CodeIgniter\Debug\Exceptions->errorHandler(2, 'Undefined variable $dt', 'APPPATH\\Views\\admin\\pages\\carousel.php', 62)
 2 SYSTEMPATH\View\View.php(213): include('APPPATH\\Views\\admin\\pages\\carousel.php')
 3 SYSTEMPATH\View\View.php(216): CodeIgniter\View\View->CodeIgniter\View\{closure}()
 4 SYSTEMPATH\Common.php(1184): CodeIgniter\View\View->render('admin/pages/carousel', [], true)
 5 APPPATH\Controllers\Admin\Pages.php(34): view('admin/pages/carousel', [...])
 6 SYSTEMPATH\CodeIgniter.php(934): App\Controllers\Admin\Pages->carousel()
 7 SYSTEMPATH\CodeIgniter.php(499): CodeIgniter\CodeIgniter->runController(Object(App\Controllers\Admin\Pages))
 8 SYSTEMPATH\CodeIgniter.php(368): CodeIgniter\CodeIgniter->handleRequest(null, Object(Config\Cache), false)
 9 FCPATH\index.php(67): CodeIgniter\CodeIgniter->run()
10 SYSTEMPATH\Commands\Server\rewrite.php(47): require_once('FCPATH\\index.php')
