INFO - 2023-04-30 02:56:22 --> Session: Class initialized using 'CodeIgniter\Session\Handlers\FileHandler' driver.
INFO - 2023-04-30 02:56:27 --> Session: Class initialized using 'CodeIgniter\Session\Handlers\FileHandler' driver.
INFO - 2023-04-30 02:58:28 --> Session: Class initialized using 'CodeIgniter\Session\Handlers\FileHandler' driver.
INFO - 2023-04-30 02:58:29 --> Session: Class initialized using 'CodeIgniter\Session\Handlers\FileHandler' driver.
INFO - 2023-04-30 02:58:32 --> Session: Class initialized using 'CodeIgniter\Session\Handlers\FileHandler' driver.
INFO - 2023-04-30 02:58:57 --> Session: Class initialized using 'CodeIgniter\Session\Handlers\FileHandler' driver.
INFO - 2023-04-30 02:59:56 --> Session: Class initialized using 'CodeIgniter\Session\Handlers\FileHandler' driver.
INFO - 2023-04-30 03:03:27 --> Session: Class initialized using 'CodeIgniter\Session\Handlers\FileHandler' driver.
INFO - 2023-04-30 03:07:32 --> Session: Class initialized using 'CodeIgniter\Session\Handlers\FileHandler' driver.
INFO - 2023-04-30 03:08:15 --> Session: Class initialized using 'CodeIgniter\Session\Handlers\FileHandler' driver.
INFO - 2023-04-30 03:08:31 --> Session: Class initialized using 'CodeIgniter\Session\Handlers\FileHandler' driver.
INFO - 2023-04-30 03:08:41 --> Session: Class initialized using 'CodeIgniter\Session\Handlers\FileHandler' driver.
INFO - 2023-04-30 03:13:57 --> Session: Class initialized using 'CodeIgniter\Session\Handlers\FileHandler' driver.
INFO - 2023-04-30 03:17:09 --> Session: Class initialized using 'CodeIgniter\Session\Handlers\FileHandler' driver.
INFO - 2023-04-30 03:17:16 --> Session: Class initialized using 'CodeIgniter\Session\Handlers\FileHandler' driver.
INFO - 2023-04-30 03:17:18 --> Session: Class initialized using 'CodeIgniter\Session\Handlers\FileHandler' driver.
INFO - 2023-04-30 03:17:44 --> Session: Class initialized using 'CodeIgniter\Session\Handlers\FileHandler' driver.
INFO - 2023-04-30 03:19:09 --> Session: Class initialized using 'CodeIgniter\Session\Handlers\FileHandler' driver.
CRITICAL - 2023-04-30 03:19:09 --> Undefined variable $data
in APPPATH\Views\users\pages\services\services.php on line 16.
 1 APPPATH\Views\users\pages\services\services.php(16): CodeIgniter\Debug\Exceptions->errorHandler(2, 'Undefined variable $data', 'APPPATH\\Views\\users\\pages\\services\\services.php', 16)
 2 SYSTEMPATH\View\View.php(213): include('APPPATH\\Views\\users\\pages\\services\\services.php')
 3 SYSTEMPATH\View\View.php(216): CodeIgniter\View\View->CodeIgniter\View\{closure}()
 4 SYSTEMPATH\Common.php(1184): CodeIgniter\View\View->render('users/pages/services/services', [], true)
 5 APPPATH\Controllers\User\Pages.php(118): view('users/pages/services/services', [...])
 6 SYSTEMPATH\CodeIgniter.php(934): App\Controllers\User\Pages->services('internet-service-provider')
 7 SYSTEMPATH\CodeIgniter.php(499): CodeIgniter\CodeIgniter->runController(Object(App\Controllers\User\Pages))
 8 SYSTEMPATH\CodeIgniter.php(368): CodeIgniter\CodeIgniter->handleRequest(null, Object(Config\Cache), false)
 9 FCPATH\index.php(67): CodeIgniter\CodeIgniter->run()
10 SYSTEMPATH\Commands\Server\rewrite.php(47): require_once('FCPATH\\index.php')
INFO - 2023-04-30 03:19:32 --> Session: Class initialized using 'CodeIgniter\Session\Handlers\FileHandler' driver.
CRITICAL - 2023-04-30 03:19:32 --> Array to string conversion
in APPPATH\Views\users\pages\services\services.php on line 16.
 1 APPPATH\Views\users\pages\services\services.php(16): CodeIgniter\Debug\Exceptions->errorHandler(2, 'Array to string conversion', 'APPPATH\\Views\\users\\pages\\services\\services.php', 16)
 2 SYSTEMPATH\View\View.php(213): include('APPPATH\\Views\\users\\pages\\services\\services.php')
 3 SYSTEMPATH\View\View.php(216): CodeIgniter\View\View->CodeIgniter\View\{closure}()
 4 SYSTEMPATH\Common.php(1184): CodeIgniter\View\View->render('users/pages/services/services', [], true)
 5 APPPATH\Controllers\User\Pages.php(118): view('users/pages/services/services', [...])
 6 SYSTEMPATH\CodeIgniter.php(934): App\Controllers\User\Pages->services('internet-service-provider')
 7 SYSTEMPATH\CodeIgniter.php(499): CodeIgniter\CodeIgniter->runController(Object(App\Controllers\User\Pages))
 8 SYSTEMPATH\CodeIgniter.php(368): CodeIgniter\CodeIgniter->handleRequest(null, Object(Config\Cache), false)
 9 FCPATH\index.php(67): CodeIgniter\CodeIgniter->run()
10 SYSTEMPATH\Commands\Server\rewrite.php(47): require_once('FCPATH\\index.php')
INFO - 2023-04-30 03:19:52 --> Session: Class initialized using 'CodeIgniter\Session\Handlers\FileHandler' driver.
CRITICAL - 2023-04-30 03:19:52 --> Undefined array key "description"
in APPPATH\Views\users\pages\services\services.php on line 16.
 1 APPPATH\Views\users\pages\services\services.php(16): CodeIgniter\Debug\Exceptions->errorHandler(2, 'Undefined array key "description"', 'APPPATH\\Views\\users\\pages\\services\\services.php', 16)
 2 SYSTEMPATH\View\View.php(213): include('APPPATH\\Views\\users\\pages\\services\\services.php')
 3 SYSTEMPATH\View\View.php(216): CodeIgniter\View\View->CodeIgniter\View\{closure}()
 4 SYSTEMPATH\Common.php(1184): CodeIgniter\View\View->render('users/pages/services/services', [], true)
 5 APPPATH\Controllers\User\Pages.php(118): view('users/pages/services/services', [...])
 6 SYSTEMPATH\CodeIgniter.php(934): App\Controllers\User\Pages->services('internet-service-provider')
 7 SYSTEMPATH\CodeIgniter.php(499): CodeIgniter\CodeIgniter->runController(Object(App\Controllers\User\Pages))
 8 SYSTEMPATH\CodeIgniter.php(368): CodeIgniter\CodeIgniter->handleRequest(null, Object(Config\Cache), false)
 9 FCPATH\index.php(67): CodeIgniter\CodeIgniter->run()
10 SYSTEMPATH\Commands\Server\rewrite.php(47): require_once('FCPATH\\index.php')
INFO - 2023-04-30 03:20:12 --> Session: Class initialized using 'CodeIgniter\Session\Handlers\FileHandler' driver.
INFO - 2023-04-30 03:20:41 --> Session: Class initialized using 'CodeIgniter\Session\Handlers\FileHandler' driver.
CRITICAL - 2023-04-30 03:20:41 --> Undefined array key "description"
in APPPATH\Views\users\pages\services\services.php on line 16.
 1 APPPATH\Views\users\pages\services\services.php(16): CodeIgniter\Debug\Exceptions->errorHandler(2, 'Undefined array key "description"', 'APPPATH\\Views\\users\\pages\\services\\services.php', 16)
 2 SYSTEMPATH\View\View.php(213): include('APPPATH\\Views\\users\\pages\\services\\services.php')
 3 SYSTEMPATH\View\View.php(216): CodeIgniter\View\View->CodeIgniter\View\{closure}()
 4 SYSTEMPATH\Common.php(1184): CodeIgniter\View\View->render('users/pages/services/services', [], true)
 5 APPPATH\Controllers\User\Pages.php(118): view('users/pages/services/services', [...])
 6 SYSTEMPATH\CodeIgniter.php(934): App\Controllers\User\Pages->services('internet-service-provider')
 7 SYSTEMPATH\CodeIgniter.php(499): CodeIgniter\CodeIgniter->runController(Object(App\Controllers\User\Pages))
 8 SYSTEMPATH\CodeIgniter.php(368): CodeIgniter\CodeIgniter->handleRequest(null, Object(Config\Cache), false)
 9 FCPATH\index.php(67): CodeIgniter\CodeIgniter->run()
10 SYSTEMPATH\Commands\Server\rewrite.php(47): require_once('FCPATH\\index.php')
INFO - 2023-04-30 03:21:21 --> Session: Class initialized using 'CodeIgniter\Session\Handlers\FileHandler' driver.
INFO - 2023-04-30 03:21:30 --> Session: Class initialized using 'CodeIgniter\Session\Handlers\FileHandler' driver.
INFO - 2023-04-30 03:21:31 --> Session: Class initialized using 'CodeIgniter\Session\Handlers\FileHandler' driver.
CRITICAL - 2023-04-30 03:21:31 --> Trying to access array offset on value of type null
in APPPATH\Controllers\User\Pages.php on line 106.
 1 APPPATH\Controllers\User\Pages.php(106): CodeIgniter\Debug\Exceptions->errorHandler(2, 'Trying to access array offset on value of type null', 'APPPATH\\Controllers\\User\\Pages.php', 106)
 2 SYSTEMPATH\CodeIgniter.php(934): App\Controllers\User\Pages->services('FCPATH\\.')
 3 SYSTEMPATH\CodeIgniter.php(499): CodeIgniter\CodeIgniter->runController(Object(App\Controllers\User\Pages))
 4 SYSTEMPATH\CodeIgniter.php(368): CodeIgniter\CodeIgniter->handleRequest(null, Object(Config\Cache), false)
 5 FCPATH\index.php(67): CodeIgniter\CodeIgniter->run()
 6 SYSTEMPATH\Commands\Server\rewrite.php(47): require_once('FCPATH\\index.php')
INFO - 2023-04-30 03:23:19 --> Session: Class initialized using 'CodeIgniter\Session\Handlers\FileHandler' driver.
INFO - 2023-04-30 03:24:09 --> Session: Class initialized using 'CodeIgniter\Session\Handlers\FileHandler' driver.
INFO - 2023-04-30 03:24:10 --> Session: Class initialized using 'CodeIgniter\Session\Handlers\FileHandler' driver.
INFO - 2023-04-30 03:24:32 --> Session: Class initialized using 'CodeIgniter\Session\Handlers\FileHandler' driver.
INFO - 2023-04-30 03:24:37 --> Session: Class initialized using 'CodeIgniter\Session\Handlers\FileHandler' driver.
INFO - 2023-04-30 03:24:43 --> Session: Class initialized using 'CodeIgniter\Session\Handlers\FileHandler' driver.
INFO - 2023-04-30 03:25:58 --> Session: Class initialized using 'CodeIgniter\Session\Handlers\FileHandler' driver.
INFO - 2023-04-30 03:27:50 --> Session: Class initialized using 'CodeIgniter\Session\Handlers\FileHandler' driver.
INFO - 2023-04-30 03:28:02 --> Session: Class initialized using 'CodeIgniter\Session\Handlers\FileHandler' driver.
INFO - 2023-04-30 03:28:13 --> Session: Class initialized using 'CodeIgniter\Session\Handlers\FileHandler' driver.
INFO - 2023-04-30 03:29:12 --> Session: Class initialized using 'CodeIgniter\Session\Handlers\FileHandler' driver.
INFO - 2023-04-30 03:31:28 --> Session: Class initialized using 'CodeIgniter\Session\Handlers\FileHandler' driver.
WARNING - 2023-04-30 03:31:59 --> [DEPRECATED] Creation of dynamic property App\Controllers\Admin\Services::$ is deprecated in APPPATH\Controllers\Admin\Services.php on line 20.
 1 SYSTEMPATH\CodeIgniter.php(906): App\Controllers\Admin\Services->__construct()
 2 SYSTEMPATH\CodeIgniter.php(490): CodeIgniter\CodeIgniter->createController()
 3 SYSTEMPATH\CodeIgniter.php(368): CodeIgniter\CodeIgniter->handleRequest(null, Object(Config\Cache), false)
 4 FCPATH\index.php(67): CodeIgniter\CodeIgniter->run()
 5 SYSTEMPATH\Commands\Server\rewrite.php(47): require_once('FCPATH\\index.php')
INFO - 2023-04-30 03:31:59 --> Session: Class initialized using 'CodeIgniter\Session\Handlers\FileHandler' driver.
CRITICAL - 2023-04-30 03:31:59 --> Undefined array key "header"
in APPPATH\Views\admin\pages\service.php on line 109.
 1 APPPATH\Views\admin\pages\service.php(109): CodeIgniter\Debug\Exceptions->errorHandler(2, 'Undefined array key "header"', 'APPPATH\\Views\\admin\\pages\\service.php', 109)
 2 SYSTEMPATH\View\View.php(213): include('APPPATH\\Views\\admin\\pages\\service.php')
 3 SYSTEMPATH\View\View.php(216): CodeIgniter\View\View->CodeIgniter\View\{closure}()
 4 SYSTEMPATH\Common.php(1184): CodeIgniter\View\View->render('admin/pages/service', [], true)
 5 APPPATH\Controllers\Admin\Services.php(50): view('admin/pages/service', [...])
 6 SYSTEMPATH\CodeIgniter.php(934): App\Controllers\Admin\Services->page('cloud')
 7 SYSTEMPATH\CodeIgniter.php(499): CodeIgniter\CodeIgniter->runController(Object(App\Controllers\Admin\Services))
 8 SYSTEMPATH\CodeIgniter.php(368): CodeIgniter\CodeIgniter->handleRequest(null, Object(Config\Cache), false)
 9 FCPATH\index.php(67): CodeIgniter\CodeIgniter->run()
10 SYSTEMPATH\Commands\Server\rewrite.php(47): require_once('FCPATH\\index.php')
WARNING - 2023-04-30 03:32:03 --> [DEPRECATED] Creation of dynamic property App\Controllers\Admin\Services::$ is deprecated in APPPATH\Controllers\Admin\Services.php on line 20.
 1 SYSTEMPATH\CodeIgniter.php(906): App\Controllers\Admin\Services->__construct()
 2 SYSTEMPATH\CodeIgniter.php(490): CodeIgniter\CodeIgniter->createController()
 3 SYSTEMPATH\CodeIgniter.php(368): CodeIgniter\CodeIgniter->handleRequest(null, Object(Config\Cache), false)
 4 FCPATH\index.php(67): CodeIgniter\CodeIgniter->run()
 5 SYSTEMPATH\Commands\Server\rewrite.php(47): require_once('FCPATH\\index.php')
INFO - 2023-04-30 03:32:03 --> Session: Class initialized using 'CodeIgniter\Session\Handlers\FileHandler' driver.
INFO - 2023-04-30 03:34:12 --> Session: Class initialized using 'CodeIgniter\Session\Handlers\FileHandler' driver.
WARNING - 2023-04-30 03:36:17 --> [DEPRECATED] Creation of dynamic property App\Controllers\Admin\Services::$ is deprecated in APPPATH\Controllers\Admin\Services.php on line 20.
 1 SYSTEMPATH\CodeIgniter.php(906): App\Controllers\Admin\Services->__construct()
 2 SYSTEMPATH\CodeIgniter.php(490): CodeIgniter\CodeIgniter->createController()
 3 SYSTEMPATH\CodeIgniter.php(368): CodeIgniter\CodeIgniter->handleRequest(null, Object(Config\Cache), false)
 4 FCPATH\index.php(67): CodeIgniter\CodeIgniter->run()
 5 SYSTEMPATH\Commands\Server\rewrite.php(47): require_once('FCPATH\\index.php')
INFO - 2023-04-30 03:36:17 --> Session: Class initialized using 'CodeIgniter\Session\Handlers\FileHandler' driver.
CRITICAL - 2023-04-30 03:36:17 --> Undefined array key "description"
in APPPATH\Views\admin\pages\index.php on line 102.
 1 APPPATH\Views\admin\pages\index.php(102): CodeIgniter\Debug\Exceptions->errorHandler(2, 'Undefined array key "description"', 'APPPATH\\Views\\admin\\pages\\index.php', 102)
 2 SYSTEMPATH\View\View.php(213): include('APPPATH\\Views\\admin\\pages\\index.php')
 3 SYSTEMPATH\View\View.php(216): CodeIgniter\View\View->CodeIgniter\View\{closure}()
 4 SYSTEMPATH\Common.php(1184): CodeIgniter\View\View->render('admin/pages/index', [], true)
 5 APPPATH\Controllers\Admin\Services.php(36): view('admin/pages/index', [...])
 6 SYSTEMPATH\CodeIgniter.php(934): App\Controllers\Admin\Services->index()
 7 SYSTEMPATH\CodeIgniter.php(499): CodeIgniter\CodeIgniter->runController(Object(App\Controllers\Admin\Services))
 8 SYSTEMPATH\CodeIgniter.php(368): CodeIgniter\CodeIgniter->handleRequest(null, Object(Config\Cache), false)
 9 FCPATH\index.php(67): CodeIgniter\CodeIgniter->run()
10 SYSTEMPATH\Commands\Server\rewrite.php(47): require_once('FCPATH\\index.php')
WARNING - 2023-04-30 03:36:37 --> [DEPRECATED] Creation of dynamic property App\Controllers\Admin\Services::$ is deprecated in APPPATH\Controllers\Admin\Services.php on line 20.
 1 SYSTEMPATH\CodeIgniter.php(906): App\Controllers\Admin\Services->__construct()
 2 SYSTEMPATH\CodeIgniter.php(490): CodeIgniter\CodeIgniter->createController()
 3 SYSTEMPATH\CodeIgniter.php(368): CodeIgniter\CodeIgniter->handleRequest(null, Object(Config\Cache), false)
 4 FCPATH\index.php(67): CodeIgniter\CodeIgniter->run()
 5 SYSTEMPATH\Commands\Server\rewrite.php(47): require_once('FCPATH\\index.php')
INFO - 2023-04-30 03:36:37 --> Session: Class initialized using 'CodeIgniter\Session\Handlers\FileHandler' driver.
WARNING - 2023-04-30 03:40:20 --> [DEPRECATED] Creation of dynamic property App\Controllers\Admin\Services::$ is deprecated in APPPATH\Controllers\Admin\Services.php on line 20.
 1 SYSTEMPATH\CodeIgniter.php(906): App\Controllers\Admin\Services->__construct()
 2 SYSTEMPATH\CodeIgniter.php(490): CodeIgniter\CodeIgniter->createController()
 3 SYSTEMPATH\CodeIgniter.php(368): CodeIgniter\CodeIgniter->handleRequest(null, Object(Config\Cache), false)
 4 FCPATH\index.php(67): CodeIgniter\CodeIgniter->run()
 5 SYSTEMPATH\Commands\Server\rewrite.php(47): require_once('FCPATH\\index.php')
INFO - 2023-04-30 03:40:20 --> Session: Class initialized using 'CodeIgniter\Session\Handlers\FileHandler' driver.
WARNING - 2023-04-30 03:44:43 --> [DEPRECATED] Creation of dynamic property App\Controllers\Admin\Services::$ is deprecated in APPPATH\Controllers\Admin\Services.php on line 20.
 1 SYSTEMPATH\CodeIgniter.php(906): App\Controllers\Admin\Services->__construct()
 2 SYSTEMPATH\CodeIgniter.php(490): CodeIgniter\CodeIgniter->createController()
 3 SYSTEMPATH\CodeIgniter.php(368): CodeIgniter\CodeIgniter->handleRequest(null, Object(Config\Cache), false)
 4 FCPATH\index.php(67): CodeIgniter\CodeIgniter->run()
 5 SYSTEMPATH\Commands\Server\rewrite.php(47): require_once('FCPATH\\index.php')
INFO - 2023-04-30 03:44:43 --> Session: Class initialized using 'CodeIgniter\Session\Handlers\FileHandler' driver.
WARNING - 2023-04-30 03:49:40 --> [DEPRECATED] Creation of dynamic property App\Controllers\Admin\Services::$ is deprecated in APPPATH\Controllers\Admin\Services.php on line 20.
 1 SYSTEMPATH\CodeIgniter.php(906): App\Controllers\Admin\Services->__construct()
 2 SYSTEMPATH\CodeIgniter.php(490): CodeIgniter\CodeIgniter->createController()
 3 SYSTEMPATH\CodeIgniter.php(368): CodeIgniter\CodeIgniter->handleRequest(null, Object(Config\Cache), false)
 4 FCPATH\index.php(67): CodeIgniter\CodeIgniter->run()
 5 SYSTEMPATH\Commands\Server\rewrite.php(47): require_once('FCPATH\\index.php')
INFO - 2023-04-30 03:49:40 --> Session: Class initialized using 'CodeIgniter\Session\Handlers\FileHandler' driver.
WARNING - 2023-04-30 03:50:41 --> [DEPRECATED] Creation of dynamic property App\Controllers\Admin\Services::$ is deprecated in APPPATH\Controllers\Admin\Services.php on line 20.
 1 SYSTEMPATH\CodeIgniter.php(906): App\Controllers\Admin\Services->__construct()
 2 SYSTEMPATH\CodeIgniter.php(490): CodeIgniter\CodeIgniter->createController()
 3 SYSTEMPATH\CodeIgniter.php(368): CodeIgniter\CodeIgniter->handleRequest(null, Object(Config\Cache), false)
 4 FCPATH\index.php(67): CodeIgniter\CodeIgniter->run()
 5 SYSTEMPATH\Commands\Server\rewrite.php(47): require_once('FCPATH\\index.php')
INFO - 2023-04-30 03:50:41 --> Session: Class initialized using 'CodeIgniter\Session\Handlers\FileHandler' driver.
WARNING - 2023-04-30 03:50:45 --> [DEPRECATED] Creation of dynamic property App\Controllers\Admin\Services::$ is deprecated in APPPATH\Controllers\Admin\Services.php on line 20.
 1 SYSTEMPATH\CodeIgniter.php(906): App\Controllers\Admin\Services->__construct()
 2 SYSTEMPATH\CodeIgniter.php(490): CodeIgniter\CodeIgniter->createController()
 3 SYSTEMPATH\CodeIgniter.php(368): CodeIgniter\CodeIgniter->handleRequest(null, Object(Config\Cache), false)
 4 FCPATH\index.php(67): CodeIgniter\CodeIgniter->run()
 5 SYSTEMPATH\Commands\Server\rewrite.php(47): require_once('FCPATH\\index.php')
INFO - 2023-04-30 03:50:45 --> Session: Class initialized using 'CodeIgniter\Session\Handlers\FileHandler' driver.
CRITICAL - 2023-04-30 03:50:45 --> Trying to access array offset on value of type null
in APPPATH\Controllers\Admin\Services.php on line 44.
 1 APPPATH\Controllers\Admin\Services.php(44): CodeIgniter\Debug\Exceptions->errorHandler(2, 'Trying to access array offset on value of type null', 'APPPATH\\Controllers\\Admin\\Services.php', 44)
 2 SYSTEMPATH\CodeIgniter.php(934): App\Controllers\Admin\Services->page('1')
 3 SYSTEMPATH\CodeIgniter.php(499): CodeIgniter\CodeIgniter->runController(Object(App\Controllers\Admin\Services))
 4 SYSTEMPATH\CodeIgniter.php(368): CodeIgniter\CodeIgniter->handleRequest(null, Object(Config\Cache), false)
 5 FCPATH\index.php(67): CodeIgniter\CodeIgniter->run()
 6 SYSTEMPATH\Commands\Server\rewrite.php(47): require_once('FCPATH\\index.php')
WARNING - 2023-04-30 03:52:57 --> [DEPRECATED] Creation of dynamic property App\Controllers\Admin\Services::$ is deprecated in APPPATH\Controllers\Admin\Services.php on line 20.
 1 SYSTEMPATH\CodeIgniter.php(906): App\Controllers\Admin\Services->__construct()
 2 SYSTEMPATH\CodeIgniter.php(490): CodeIgniter\CodeIgniter->createController()
 3 SYSTEMPATH\CodeIgniter.php(368): CodeIgniter\CodeIgniter->handleRequest(null, Object(Config\Cache), false)
 4 FCPATH\index.php(67): CodeIgniter\CodeIgniter->run()
 5 SYSTEMPATH\Commands\Server\rewrite.php(47): require_once('FCPATH\\index.php')
INFO - 2023-04-30 03:52:57 --> Session: Class initialized using 'CodeIgniter\Session\Handlers\FileHandler' driver.
CRITICAL - 2023-04-30 03:52:57 --> Trying to access array offset on value of type null
in APPPATH\Controllers\Admin\Services.php on line 44.
 1 APPPATH\Controllers\Admin\Services.php(44): CodeIgniter\Debug\Exceptions->errorHandler(2, 'Trying to access array offset on value of type null', 'APPPATH\\Controllers\\Admin\\Services.php', 44)
 2 SYSTEMPATH\CodeIgniter.php(934): App\Controllers\Admin\Services->page('1')
 3 SYSTEMPATH\CodeIgniter.php(499): CodeIgniter\CodeIgniter->runController(Object(App\Controllers\Admin\Services))
 4 SYSTEMPATH\CodeIgniter.php(368): CodeIgniter\CodeIgniter->handleRequest(null, Object(Config\Cache), false)
 5 FCPATH\index.php(67): CodeIgniter\CodeIgniter->run()
 6 SYSTEMPATH\Commands\Server\rewrite.php(47): require_once('FCPATH\\index.php')
WARNING - 2023-04-30 03:53:00 --> [DEPRECATED] Creation of dynamic property App\Controllers\Admin\Services::$ is deprecated in APPPATH\Controllers\Admin\Services.php on line 20.
 1 SYSTEMPATH\CodeIgniter.php(906): App\Controllers\Admin\Services->__construct()
 2 SYSTEMPATH\CodeIgniter.php(490): CodeIgniter\CodeIgniter->createController()
 3 SYSTEMPATH\CodeIgniter.php(368): CodeIgniter\CodeIgniter->handleRequest(null, Object(Config\Cache), false)
 4 FCPATH\index.php(67): CodeIgniter\CodeIgniter->run()
 5 SYSTEMPATH\Commands\Server\rewrite.php(47): require_once('FCPATH\\index.php')
INFO - 2023-04-30 03:53:00 --> Session: Class initialized using 'CodeIgniter\Session\Handlers\FileHandler' driver.
CRITICAL - 2023-04-30 03:53:00 --> Trying to access array offset on value of type null
in APPPATH\Controllers\Admin\Services.php on line 44.
 1 APPPATH\Controllers\Admin\Services.php(44): CodeIgniter\Debug\Exceptions->errorHandler(2, 'Trying to access array offset on value of type null', 'APPPATH\\Controllers\\Admin\\Services.php', 44)
 2 SYSTEMPATH\CodeIgniter.php(934): App\Controllers\Admin\Services->page('1')
 3 SYSTEMPATH\CodeIgniter.php(499): CodeIgniter\CodeIgniter->runController(Object(App\Controllers\Admin\Services))
 4 SYSTEMPATH\CodeIgniter.php(368): CodeIgniter\CodeIgniter->handleRequest(null, Object(Config\Cache), false)
 5 FCPATH\index.php(67): CodeIgniter\CodeIgniter->run()
 6 SYSTEMPATH\Commands\Server\rewrite.php(47): require_once('FCPATH\\index.php')
WARNING - 2023-04-30 03:54:23 --> [DEPRECATED] Creation of dynamic property App\Controllers\Admin\Services::$ is deprecated in APPPATH\Controllers\Admin\Services.php on line 20.
 1 SYSTEMPATH\CodeIgniter.php(906): App\Controllers\Admin\Services->__construct()
 2 SYSTEMPATH\CodeIgniter.php(490): CodeIgniter\CodeIgniter->createController()
 3 SYSTEMPATH\CodeIgniter.php(368): CodeIgniter\CodeIgniter->handleRequest(null, Object(Config\Cache), false)
 4 FCPATH\index.php(67): CodeIgniter\CodeIgniter->run()
 5 SYSTEMPATH\Commands\Server\rewrite.php(47): require_once('FCPATH\\index.php')
INFO - 2023-04-30 03:54:23 --> Session: Class initialized using 'CodeIgniter\Session\Handlers\FileHandler' driver.
WARNING - 2023-04-30 03:54:27 --> [DEPRECATED] Creation of dynamic property App\Controllers\Admin\Services::$ is deprecated in APPPATH\Controllers\Admin\Services.php on line 20.
 1 SYSTEMPATH\CodeIgniter.php(906): App\Controllers\Admin\Services->__construct()
 2 SYSTEMPATH\CodeIgniter.php(490): CodeIgniter\CodeIgniter->createController()
 3 SYSTEMPATH\CodeIgniter.php(368): CodeIgniter\CodeIgniter->handleRequest(null, Object(Config\Cache), false)
 4 FCPATH\index.php(67): CodeIgniter\CodeIgniter->run()
 5 SYSTEMPATH\Commands\Server\rewrite.php(47): require_once('FCPATH\\index.php')
INFO - 2023-04-30 03:54:27 --> Session: Class initialized using 'CodeIgniter\Session\Handlers\FileHandler' driver.
CRITICAL - 2023-04-30 03:54:27 --> Trying to access array offset on value of type null
in APPPATH\Controllers\Admin\Services.php on line 44.
 1 APPPATH\Controllers\Admin\Services.php(44): CodeIgniter\Debug\Exceptions->errorHandler(2, 'Trying to access array offset on value of type null', 'APPPATH\\Controllers\\Admin\\Services.php', 44)
 2 SYSTEMPATH\CodeIgniter.php(934): App\Controllers\Admin\Services->page('3')
 3 SYSTEMPATH\CodeIgniter.php(499): CodeIgniter\CodeIgniter->runController(Object(App\Controllers\Admin\Services))
 4 SYSTEMPATH\CodeIgniter.php(368): CodeIgniter\CodeIgniter->handleRequest(null, Object(Config\Cache), false)
 5 FCPATH\index.php(67): CodeIgniter\CodeIgniter->run()
 6 SYSTEMPATH\Commands\Server\rewrite.php(47): require_once('FCPATH\\index.php')
WARNING - 2023-04-30 03:54:51 --> [DEPRECATED] Creation of dynamic property App\Controllers\Admin\Services::$ is deprecated in APPPATH\Controllers\Admin\Services.php on line 20.
 1 SYSTEMPATH\CodeIgniter.php(906): App\Controllers\Admin\Services->__construct()
 2 SYSTEMPATH\CodeIgniter.php(490): CodeIgniter\CodeIgniter->createController()
 3 SYSTEMPATH\CodeIgniter.php(368): CodeIgniter\CodeIgniter->handleRequest(null, Object(Config\Cache), false)
 4 FCPATH\index.php(67): CodeIgniter\CodeIgniter->run()
 5 SYSTEMPATH\Commands\Server\rewrite.php(47): require_once('FCPATH\\index.php')
INFO - 2023-04-30 03:54:51 --> Session: Class initialized using 'CodeIgniter\Session\Handlers\FileHandler' driver.
CRITICAL - 2023-04-30 03:54:51 --> Trying to access array offset on value of type null
in APPPATH\Controllers\Admin\Services.php on line 45.
 1 APPPATH\Controllers\Admin\Services.php(45): CodeIgniter\Debug\Exceptions->errorHandler(2, 'Trying to access array offset on value of type null', 'APPPATH\\Controllers\\Admin\\Services.php', 45)
 2 SYSTEMPATH\CodeIgniter.php(934): App\Controllers\Admin\Services->page('3')
 3 SYSTEMPATH\CodeIgniter.php(499): CodeIgniter\CodeIgniter->runController(Object(App\Controllers\Admin\Services))
 4 SYSTEMPATH\CodeIgniter.php(368): CodeIgniter\CodeIgniter->handleRequest(null, Object(Config\Cache), false)
 5 FCPATH\index.php(67): CodeIgniter\CodeIgniter->run()
 6 SYSTEMPATH\Commands\Server\rewrite.php(47): require_once('FCPATH\\index.php')
WARNING - 2023-04-30 03:55:10 --> [DEPRECATED] Creation of dynamic property App\Controllers\Admin\Services::$ is deprecated in APPPATH\Controllers\Admin\Services.php on line 20.
 1 SYSTEMPATH\CodeIgniter.php(906): App\Controllers\Admin\Services->__construct()
 2 SYSTEMPATH\CodeIgniter.php(490): CodeIgniter\CodeIgniter->createController()
 3 SYSTEMPATH\CodeIgniter.php(368): CodeIgniter\CodeIgniter->handleRequest(null, Object(Config\Cache), false)
 4 FCPATH\index.php(67): CodeIgniter\CodeIgniter->run()
 5 SYSTEMPATH\Commands\Server\rewrite.php(47): require_once('FCPATH\\index.php')
INFO - 2023-04-30 03:55:10 --> Session: Class initialized using 'CodeIgniter\Session\Handlers\FileHandler' driver.
CRITICAL - 2023-04-30 03:55:10 --> Trying to access array offset on value of type null
in APPPATH\Views\admin\pages\service.php on line 31.
 1 APPPATH\Views\admin\pages\service.php(31): CodeIgniter\Debug\Exceptions->errorHandler(2, 'Trying to access array offset on value of type null', 'APPPATH\\Views\\admin\\pages\\service.php', 31)
 2 SYSTEMPATH\View\View.php(213): include('APPPATH\\Views\\admin\\pages\\service.php')
 3 SYSTEMPATH\View\View.php(216): CodeIgniter\View\View->CodeIgniter\View\{closure}()
 4 SYSTEMPATH\Common.php(1184): CodeIgniter\View\View->render('admin/pages/service', [], true)
 5 APPPATH\Controllers\Admin\Services.php(50): view('admin/pages/service', [...])
 6 SYSTEMPATH\CodeIgniter.php(934): App\Controllers\Admin\Services->page('3')
 7 SYSTEMPATH\CodeIgniter.php(499): CodeIgniter\CodeIgniter->runController(Object(App\Controllers\Admin\Services))
 8 SYSTEMPATH\CodeIgniter.php(368): CodeIgniter\CodeIgniter->handleRequest(null, Object(Config\Cache), false)
 9 FCPATH\index.php(67): CodeIgniter\CodeIgniter->run()
10 SYSTEMPATH\Commands\Server\rewrite.php(47): require_once('FCPATH\\index.php')
